[2025-08-04 14:38:11.491] [info] Using configuration file /etc/xdg/waybar/config.jsonc
[2025-08-04 14:38:11.493] [info] Using CSS file /etc/xdg/waybar/style.css
[2025-08-04 14:38:11.499] [warning] module sway/workspaces: Disabling module "sway/workspaces", Socket path is empty
[2025-08-04 14:38:11.500] [warning] module sway/mode: Disabling module "sway/mode", Socket path is empty
[2025-08-04 14:38:11.502] [warning] module sway/scratchpad: Disabling module "sway/scratchpad", Socket path is empty
[2025-08-04 14:38:11.503] [warning] 'swap-icon-label' must be a bool.
[2025-08-04 14:38:11.504] [error] media stopped unexpectedly, is it endless?
[2025-08-04 14:38:11.505] [warning] module sway/window: Disabling module "sway/window", Socket path is empty
[2025-08-04 14:38:11.506] [warning] module backlight: Disabling module "backlight", No backlight found
[2025-08-04 14:38:11.506] [warning] Can't open /dev/input/event26 (are you in the input group?): EACCES Permission denied
[2025-08-04 14:38:11.506] [warning] Can't open /dev/input/event25 (are you in the input group?): EACCES Permission denied
[2025-08-04 14:38:11.506] [warning] Can't open /dev/input/event24 (are you in the input group?): EACCES Permission denied
[2025-08-04 14:38:11.506] [warning] Can't open /dev/input/event23 (are you in the input group?): EACCES Permission denied
[2025-08-04 14:38:11.506] [warning] Can't open /dev/input/event22 (are you in the input group?): EACCES Permission denied
[2025-08-04 14:38:11.506] [warning] Can't open /dev/input/event21 (are you in the input group?): EACCES Permission denied
[2025-08-04 14:38:11.506] [warning] Can't open /dev/input/event20 (are you in the input group?): EACCES Permission denied
[2025-08-04 14:38:11.506] [warning] Can't open /dev/input/event19 (are you in the input group?): EACCES Permission denied
[2025-08-04 14:38:11.506] [warning] Can't open /dev/input/event18 (are you in the input group?): EACCES Permission denied
[2025-08-04 14:38:11.506] [warning] Can't open /dev/input/event17 (are you in the input group?): EACCES Permission denied
[2025-08-04 14:38:11.506] [warning] Can't open /dev/input/event16 (are you in the input group?): EACCES Permission denied
[2025-08-04 14:38:11.506] [warning] Can't open /dev/input/event15 (are you in the input group?): EACCES Permission denied
[2025-08-04 14:38:11.506] [warning] Can't open /dev/input/event14 (are you in the input group?): EACCES Permission denied
[2025-08-04 14:38:11.506] [warning] Can't open /dev/input/mouse2 (are you in the input group?): EACCES Permission denied
[2025-08-04 14:38:11.506] [warning] Can't open /dev/input/mouse1 (are you in the input group?): EACCES Permission denied
[2025-08-04 14:38:11.506] [warning] Can't open /dev/input/mouse0 (are you in the input group?): EACCES Permission denied
[2025-08-04 14:38:11.506] [warning] Can't open /dev/input/mice (are you in the input group?): EACCES Permission denied
[2025-08-04 14:38:11.506] [warning] Can't open /dev/input/event6 (are you in the input group?): EACCES Permission denied
[2025-08-04 14:38:11.506] [warning] Can't open /dev/input/event5 (are you in the input group?): EACCES Permission denied
[2025-08-04 14:38:11.506] [warning] Can't open /dev/input/event13 (are you in the input group?): EACCES Permission denied
[2025-08-04 14:38:11.506] [warning] Can't open /dev/input/event12 (are you in the input group?): EACCES Permission denied
[2025-08-04 14:38:11.506] [warning] Can't open /dev/input/event11 (are you in the input group?): EACCES Permission denied
[2025-08-04 14:38:11.506] [warning] Can't open /dev/input/event10 (are you in the input group?): EACCES Permission denied
[2025-08-04 14:38:11.506] [warning] Can't open /dev/input/event9 (are you in the input group?): EACCES Permission denied
[2025-08-04 14:38:11.506] [warning] Can't open /dev/input/event8 (are you in the input group?): EACCES Permission denied
[2025-08-04 14:38:11.506] [warning] Can't open /dev/input/event7 (are you in the input group?): EACCES Permission denied
[2025-08-04 14:38:11.506] [warning] Can't open /dev/input/event4 (are you in the input group?): EACCES Permission denied
[2025-08-04 14:38:11.506] [warning] Can't open /dev/input/event3 (are you in the input group?): EACCES Permission denied
[2025-08-04 14:38:11.506] [warning] Can't open /dev/input/event2 (are you in the input group?): EACCES Permission denied
[2025-08-04 14:38:11.506] [warning] Can't open /dev/input/event1 (are you in the input group?): EACCES Permission denied
[2025-08-04 14:38:11.506] [warning] Can't open /dev/input/event0 (are you in the input group?): EACCES Permission denied
[2025-08-04 14:38:11.506] [warning] module keyboard-state: Disabling module "keyboard-state", Failed to find keyboard device: EACCES Permission denied
[2025-08-04 14:38:11.508] [warning] module sway/language: Disabling module "sway/language", Socket path is empty
[2025-08-04 14:38:11.508] [warning] No batteries.
[2025-08-04 14:38:11.508] [warning] No battery named BAT2
[2025-08-04 14:38:11.508] [warning] Error while creating the menu : Failed to expand file: $HOME/.config/waybar/power_menu.xml. Menu popup not activated.
[2025-08-04 14:38:11.623] [error] Failed to query power-profiles-daemon via dbus: GDBus.Error:org.freedesktop.DBus.Error.ServiceUnknown: The name is not activatable

** (waybar:344740): WARNING **: 14:38:11.628: Status Notifier Item with bus name ':1.13' and object path '/org/ayatana/NotificationItem/nm_applet' is already registered
[2025-08-04 14:38:11.657] [info] Bar configured (width: 3440, height: 30) for output: DP-1

(waybar:344740): Gtk-CRITICAL **: 14:38:11.661: gtk_widget_set_accel_path: assertion 'GTK_IS_ACCEL_GROUP (accel_group)' failed

(waybar:344740): Gtk-CRITICAL **: 14:38:11.661: gtk_widget_add_accelerator: assertion 'GTK_IS_ACCEL_GROUP (accel_group)' failed
[2025-08-04 14:38:14.201] [info] Quitting.
